Start parsing files...
parsing /Users/liujingwen/Desktop/consistency/consistency-detect/mediastore/Implementation/mediastore.ejb.userdbadapter/src/edu/kit/ipd/sdq/mediastore/ejb/userdbadapter/DbManager.java...
parsing /Users/liujingwen/Desktop/consistency/consistency-detect/mediastore/Implementation/mediastore.ejb.userdbadapter/src/edu/kit/ipd/sdq/mediastore/ejb/userdbadapter/UserDBAdapterImpl.java...
parsing /Users/liujingwen/Desktop/consistency/consistency-detect/mediastore/Implementation/mediastore.ejb.userdbadapter/src/edu/kit/ipd/sdq/mediastore/ejb/userdbadapter/User.java...
parsing /Users/liujingwen/Desktop/consistency/consistency-detect/mediastore/Implementation/mediastore.ejb.tagwatermarking/src/edu/kit/ipd/sdq/mediastore/ejb/tagwatermarking/TagWatermarkingImpl.java...
parsing /Users/liujingwen/Desktop/consistency/consistency-detect/mediastore/Implementation/mediastore.ejb.mediaaccess/src/edu/kit/ipd/sdq/mediastore/ejb/mediaaccess/DbManager.java...
parsing /Users/liujingwen/Desktop/consistency/consistency-detect/mediastore/Implementation/mediastore.ejb.mediaaccess/src/edu/kit/ipd/sdq/mediastore/ejb/mediaaccess/MediaAccessImpl.java...
parsing /Users/liujingwen/Desktop/consistency/consistency-detect/mediastore/Implementation/mediastore.ejb.mediaaccess/src/edu/kit/ipd/sdq/mediastore/ejb/mediaaccess/Audio.java...
parsing /Users/liujingwen/Desktop/consistency/consistency-detect/mediastore/Implementation/mediastore.ejb.packaging/src/edu/kit/ipd/sdq/mediastore/ejb/packaging/PackagingImpl.java...
parsing /Users/liujingwen/Desktop/consistency/consistency-detect/mediastore/Implementation/mediastore.ejb.mediamanagement/src/edu/kit/ipd/sdq/mediastore/ejb/mediamanagement/MediaManagementImpl.java...
parsing /Users/liujingwen/Desktop/consistency/consistency-detect/mediastore/Implementation/mediastore.ejb.audiowatermarking/src/edu/kit/ipd/sdq/mediastore/ejb/audiowatermarking/WavFile.java...
parsing /Users/liujingwen/Desktop/consistency/consistency-detect/mediastore/Implementation/mediastore.ejb.audiowatermarking/src/edu/kit/ipd/sdq/mediastore/ejb/audiowatermarking/WavFileException.java...
parsing /Users/liujingwen/Desktop/consistency/consistency-detect/mediastore/Implementation/mediastore.ejb.audiowatermarking/src/edu/kit/ipd/sdq/mediastore/ejb/audiowatermarking/AudioWatermarkingImpl.java...
parsing /Users/liujingwen/Desktop/consistency/consistency-detect/mediastore/Implementation/mediastore.ejb.reencoder/src/edu/kit/ipd/sdq/mediastore/ejb/reencoder/ReEncoderImpl.java...
parsing /Users/liujingwen/Desktop/consistency/consistency-detect/mediastore/Implementation/mediastore.basic/src/edu/kit/ipd/sdq/mediastore/basic/BaseEJB.java...
parsing /Users/liujingwen/Desktop/consistency/consistency-detect/mediastore/Implementation/mediastore.basic/src/edu/kit/ipd/sdq/mediastore/basic/config/InterfaceDetails.java...
parsing /Users/liujingwen/Desktop/consistency/consistency-detect/mediastore/Implementation/mediastore.basic/src/edu/kit/ipd/sdq/mediastore/basic/config/RequiredInterface.java...
parsing /Users/liujingwen/Desktop/consistency/consistency-detect/mediastore/Implementation/mediastore.basic/src/edu/kit/ipd/sdq/mediastore/basic/config/EJB.java...
parsing /Users/liujingwen/Desktop/consistency/consistency-detect/mediastore/Implementation/mediastore.basic/src/edu/kit/ipd/sdq/mediastore/basic/config/ProvidedInterface.java...
parsing /Users/liujingwen/Desktop/consistency/consistency-detect/mediastore/Implementation/mediastore.basic/src/edu/kit/ipd/sdq/mediastore/basic/config/Main.java...
parsing /Users/liujingwen/Desktop/consistency/consistency-detect/mediastore/Implementation/mediastore.basic/src/edu/kit/ipd/sdq/mediastore/basic/config/Config.java...
parsing /Users/liujingwen/Desktop/consistency/consistency-detect/mediastore/Implementation/mediastore.basic/src/edu/kit/ipd/sdq/mediastore/basic/config/GlobalConstantsContainer.java...
parsing /Users/liujingwen/Desktop/consistency/consistency-detect/mediastore/Implementation/mediastore.basic/src/edu/kit/ipd/sdq/mediastore/basic/utils/LameUtil.java...
parsing /Users/liujingwen/Desktop/consistency/consistency-detect/mediastore/Implementation/mediastore.basic/src/edu/kit/ipd/sdq/mediastore/basic/utils/FSUtil.java...
parsing /Users/liujingwen/Desktop/consistency/consistency-detect/mediastore/Implementation/mediastore.basic/src/edu/kit/ipd/sdq/mediastore/basic/utils/PropertiesUtil.java...
parsing /Users/liujingwen/Desktop/consistency/consistency-detect/mediastore/Implementation/mediastore.basic/src/edu/kit/ipd/sdq/mediastore/basic/utils/JNDIUtil.java...
parsing /Users/liujingwen/Desktop/consistency/consistency-detect/mediastore/Implementation/mediastore.basic/src/edu/kit/ipd/sdq/mediastore/basic/exceptions/PropertiesException.java...
parsing /Users/liujingwen/Desktop/consistency/consistency-detect/mediastore/Implementation/mediastore.basic/src/edu/kit/ipd/sdq/mediastore/basic/exceptions/BadLoginDataException.java...
parsing /Users/liujingwen/Desktop/consistency/consistency-detect/mediastore/Implementation/mediastore.basic/src/edu/kit/ipd/sdq/mediastore/basic/exceptions/UnknownServerException.java...
parsing /Users/liujingwen/Desktop/consistency/consistency-detect/mediastore/Implementation/mediastore.basic/src/edu/kit/ipd/sdq/mediastore/basic/exceptions/DbException.java...
parsing /Users/liujingwen/Desktop/consistency/consistency-detect/mediastore/Implementation/mediastore.basic/src/edu/kit/ipd/sdq/mediastore/basic/exceptions/FailedDownloadException.java...
parsing /Users/liujingwen/Desktop/consistency/consistency-detect/mediastore/Implementation/mediastore.basic/src/edu/kit/ipd/sdq/mediastore/basic/exceptions/UserAlreadyExistsException.java...
parsing /Users/liujingwen/Desktop/consistency/consistency-detect/mediastore/Implementation/mediastore.basic/src/edu/kit/ipd/sdq/mediastore/basic/exceptions/ConversionException.java...
parsing /Users/liujingwen/Desktop/consistency/consistency-detect/mediastore/Implementation/mediastore.basic/src/edu/kit/ipd/sdq/mediastore/basic/exceptions/AppException.java...
parsing /Users/liujingwen/Desktop/consistency/consistency-detect/mediastore/Implementation/mediastore.basic/src/edu/kit/ipd/sdq/mediastore/basic/exceptions/FailedUploadException.java...
parsing /Users/liujingwen/Desktop/consistency/consistency-detect/mediastore/Implementation/mediastore.basic/src/edu/kit/ipd/sdq/mediastore/basic/data/FileContent.java...
parsing /Users/liujingwen/Desktop/consistency/consistency-detect/mediastore/Implementation/mediastore.basic/src/edu/kit/ipd/sdq/mediastore/basic/data/FileContentRemote.java...
parsing /Users/liujingwen/Desktop/consistency/consistency-detect/mediastore/Implementation/mediastore.basic/src/edu/kit/ipd/sdq/mediastore/basic/data/CurrentUser.java...
parsing /Users/liujingwen/Desktop/consistency/consistency-detect/mediastore/Implementation/mediastore.basic/src/edu/kit/ipd/sdq/mediastore/basic/data/UserRegData.java...
parsing /Users/liujingwen/Desktop/consistency/consistency-detect/mediastore/Implementation/mediastore.basic/src/edu/kit/ipd/sdq/mediastore/basic/data/AudioFileInfo.java...
parsing /Users/liujingwen/Desktop/consistency/consistency-detect/mediastore/Implementation/mediastore.basic/src/edu/kit/ipd/sdq/mediastore/basic/data/FileContentLocal.java...
parsing /Users/liujingwen/Desktop/consistency/consistency-detect/mediastore/Implementation/mediastore.basic/src/edu/kit/ipd/sdq/mediastore/basic/data/AudioFile.java...
parsing /Users/liujingwen/Desktop/consistency/consistency-detect/mediastore/Implementation/mediastore.basic/src/edu/kit/ipd/sdq/mediastore/basic/interfaces/IBusinessInterface.java...
parsing /Users/liujingwen/Desktop/consistency/consistency-detect/mediastore/Implementation/mediastore.basic/src/edu/kit/ipd/sdq/mediastore/basic/interfaces/IMediaAccessLocal.java...
parsing /Users/liujingwen/Desktop/consistency/consistency-detect/mediastore/Implementation/mediastore.basic/src/edu/kit/ipd/sdq/mediastore/basic/interfaces/IUserDBAdapterRemote.java...
parsing /Users/liujingwen/Desktop/consistency/consistency-detect/mediastore/Implementation/mediastore.basic/src/edu/kit/ipd/sdq/mediastore/basic/interfaces/IDownloadReEncoderRemote.java...
parsing /Users/liujingwen/Desktop/consistency/consistency-detect/mediastore/Implementation/mediastore.basic/src/edu/kit/ipd/sdq/mediastore/basic/interfaces/IUserManagementRemote.java...
parsing /Users/liujingwen/Desktop/consistency/consistency-detect/mediastore/Implementation/mediastore.basic/src/edu/kit/ipd/sdq/mediastore/basic/interfaces/IDownloadCacheLocal.java...
parsing /Users/liujingwen/Desktop/consistency/consistency-detect/mediastore/Implementation/mediastore.basic/src/edu/kit/ipd/sdq/mediastore/basic/interfaces/IMediaAccessMaintenanceLocal.java...
parsing /Users/liujingwen/Desktop/consistency/consistency-detect/mediastore/Implementation/mediastore.basic/src/edu/kit/ipd/sdq/mediastore/basic/interfaces/IMediaManagementLocal.java...
parsing /Users/liujingwen/Desktop/consistency/consistency-detect/mediastore/Implementation/mediastore.basic/src/edu/kit/ipd/sdq/mediastore/basic/interfaces/IMediaAccessMaintenanceRemote.java...
parsing /Users/liujingwen/Desktop/consistency/consistency-detect/mediastore/Implementation/mediastore.basic/src/edu/kit/ipd/sdq/mediastore/basic/interfaces/ICacheMaintenanceRemote.java...
parsing /Users/liujingwen/Desktop/consistency/consistency-detect/mediastore/Implementation/mediastore.basic/src/edu/kit/ipd/sdq/mediastore/basic/interfaces/IFacadeLocal.java...
parsing /Users/liujingwen/Desktop/consistency/consistency-detect/mediastore/Implementation/mediastore.basic/src/edu/kit/ipd/sdq/mediastore/basic/interfaces/IDownloadAudioWatermarking.java...
parsing /Users/liujingwen/Desktop/consistency/consistency-detect/mediastore/Implementation/mediastore.basic/src/edu/kit/ipd/sdq/mediastore/basic/interfaces/IDownloadTagWatermarkingLocal.java...
parsing /Users/liujingwen/Desktop/consistency/consistency-detect/mediastore/Implementation/mediastore.basic/src/edu/kit/ipd/sdq/mediastore/basic/interfaces/IDownloadMediaAccessRemote.java...
parsing /Users/liujingwen/Desktop/consistency/consistency-detect/mediastore/Implementation/mediastore.basic/src/edu/kit/ipd/sdq/mediastore/basic/interfaces/IPackagingLocal.java...
parsing /Users/liujingwen/Desktop/consistency/consistency-detect/mediastore/Implementation/mediastore.basic/src/edu/kit/ipd/sdq/mediastore/basic/interfaces/IDownloadAudioWatermarkingLocal.java...
parsing /Users/liujingwen/Desktop/consistency/consistency-detect/mediastore/Implementation/mediastore.basic/src/edu/kit/ipd/sdq/mediastore/basic/interfaces/IDownloadTagWatermarkingRemote.java...
parsing /Users/liujingwen/Desktop/consistency/consistency-detect/mediastore/Implementation/mediastore.basic/src/edu/kit/ipd/sdq/mediastore/basic/interfaces/IDownloadMediaAccessLocal.java...
parsing /Users/liujingwen/Desktop/consistency/consistency-detect/mediastore/Implementation/mediastore.basic/src/edu/kit/ipd/sdq/mediastore/basic/interfaces/ICacheMaintenanceLocal.java...
parsing /Users/liujingwen/Desktop/consistency/consistency-detect/mediastore/Implementation/mediastore.basic/src/edu/kit/ipd/sdq/mediastore/basic/interfaces/IFacade.java...
parsing /Users/liujingwen/Desktop/consistency/consistency-detect/mediastore/Implementation/mediastore.basic/src/edu/kit/ipd/sdq/mediastore/basic/interfaces/IDownloadTagWatermarking.java...
parsing /Users/liujingwen/Desktop/consistency/consistency-detect/mediastore/Implementation/mediastore.basic/src/edu/kit/ipd/sdq/mediastore/basic/interfaces/IMediaAccessRemote.java...
parsing /Users/liujingwen/Desktop/consistency/consistency-detect/mediastore/Implementation/mediastore.basic/src/edu/kit/ipd/sdq/mediastore/basic/interfaces/IPackaging.java...
parsing /Users/liujingwen/Desktop/consistency/consistency-detect/mediastore/Implementation/mediastore.basic/src/edu/kit/ipd/sdq/mediastore/basic/interfaces/IFacadeRemote.java...
parsing /Users/liujingwen/Desktop/consistency/consistency-detect/mediastore/Implementation/mediastore.basic/src/edu/kit/ipd/sdq/mediastore/basic/interfaces/IUserDBAdapter.java...
parsing /Users/liujingwen/Desktop/consistency/consistency-detect/mediastore/Implementation/mediastore.basic/src/edu/kit/ipd/sdq/mediastore/basic/interfaces/IMediaAccess.java...
parsing /Users/liujingwen/Desktop/consistency/consistency-detect/mediastore/Implementation/mediastore.basic/src/edu/kit/ipd/sdq/mediastore/basic/interfaces/IDownloadCache.java...
parsing /Users/liujingwen/Desktop/consistency/consistency-detect/mediastore/Implementation/mediastore.basic/src/edu/kit/ipd/sdq/mediastore/basic/interfaces/IDownloadReEncoder.java...
parsing /Users/liujingwen/Desktop/consistency/consistency-detect/mediastore/Implementation/mediastore.basic/src/edu/kit/ipd/sdq/mediastore/basic/interfaces/IDownloadReEncoderLocal.java...
parsing /Users/liujingwen/Desktop/consistency/consistency-detect/mediastore/Implementation/mediastore.basic/src/edu/kit/ipd/sdq/mediastore/basic/interfaces/ICacheMaintenance.java...
parsing /Users/liujingwen/Desktop/consistency/consistency-detect/mediastore/Implementation/mediastore.basic/src/edu/kit/ipd/sdq/mediastore/basic/interfaces/IUserManagement.java...
parsing /Users/liujingwen/Desktop/consistency/consistency-detect/mediastore/Implementation/mediastore.basic/src/edu/kit/ipd/sdq/mediastore/basic/interfaces/IPackagingRemote.java...
parsing /Users/liujingwen/Desktop/consistency/consistency-detect/mediastore/Implementation/mediastore.basic/src/edu/kit/ipd/sdq/mediastore/basic/interfaces/IDownload.java...
parsing /Users/liujingwen/Desktop/consistency/consistency-detect/mediastore/Implementation/mediastore.basic/src/edu/kit/ipd/sdq/mediastore/basic/interfaces/IDownloadMediaAccess.java...
parsing /Users/liujingwen/Desktop/consistency/consistency-detect/mediastore/Implementation/mediastore.basic/src/edu/kit/ipd/sdq/mediastore/basic/interfaces/IMediaAccessMaintenance.java...
parsing /Users/liujingwen/Desktop/consistency/consistency-detect/mediastore/Implementation/mediastore.basic/src/edu/kit/ipd/sdq/mediastore/basic/interfaces/IDownloadAudioWatermarkingRemote.java...
parsing /Users/liujingwen/Desktop/consistency/consistency-detect/mediastore/Implementation/mediastore.basic/src/edu/kit/ipd/sdq/mediastore/basic/interfaces/IMediaManagementRemote.java...
parsing /Users/liujingwen/Desktop/consistency/consistency-detect/mediastore/Implementation/mediastore.basic/src/edu/kit/ipd/sdq/mediastore/basic/interfaces/IUserDBAdapterLocal.java...
parsing /Users/liujingwen/Desktop/consistency/consistency-detect/mediastore/Implementation/mediastore.basic/src/edu/kit/ipd/sdq/mediastore/basic/interfaces/IUserManagementLocal.java...
parsing /Users/liujingwen/Desktop/consistency/consistency-detect/mediastore/Implementation/mediastore.basic/src/edu/kit/ipd/sdq/mediastore/basic/interfaces/IMediaManagement.java...
parsing /Users/liujingwen/Desktop/consistency/consistency-detect/mediastore/Implementation/mediastore.basic/src/edu/kit/ipd/sdq/mediastore/basic/interfaces/IDownloadCacheRemote.java...
parsing /Users/liujingwen/Desktop/consistency/consistency-detect/mediastore/Implementation/mediastore.web/src/edu/kit/ipd/sdq/mediastore/web/filters/MainFilter.java...
parsing /Users/liujingwen/Desktop/consistency/consistency-detect/mediastore/Implementation/mediastore.web/src/edu/kit/ipd/sdq/mediastore/web/utils/SessionUtil.java...
parsing /Users/liujingwen/Desktop/consistency/consistency-detect/mediastore/Implementation/mediastore.web/src/edu/kit/ipd/sdq/mediastore/web/utils/MessageUtil.java...
parsing /Users/liujingwen/Desktop/consistency/consistency-detect/mediastore/Implementation/mediastore.web/src/edu/kit/ipd/sdq/mediastore/web/beans/SessionBean.java...
parsing /Users/liujingwen/Desktop/consistency/consistency-detect/mediastore/Implementation/mediastore.web/src/edu/kit/ipd/sdq/mediastore/web/beans/LoginBean.java...
parsing /Users/liujingwen/Desktop/consistency/consistency-detect/mediastore/Implementation/mediastore.web/src/edu/kit/ipd/sdq/mediastore/web/beans/WebBeanManager.java...
parsing /Users/liujingwen/Desktop/consistency/consistency-detect/mediastore/Implementation/mediastore.web/src/edu/kit/ipd/sdq/mediastore/web/beans/UploadBean.java...
parsing /Users/liujingwen/Desktop/consistency/consistency-detect/mediastore/Implementation/mediastore.web/src/edu/kit/ipd/sdq/mediastore/web/beans/DownloadBean.java...
parsing /Users/liujingwen/Desktop/consistency/consistency-detect/mediastore/Implementation/mediastore.web/src/edu/kit/ipd/sdq/mediastore/web/beans/RegisterBean.java...
parsing /Users/liujingwen/Desktop/consistency/consistency-detect/mediastore/Implementation/mediastore.ejb.cache/ejbModule/edu/kit/ipd/sdq/mediastore/ejb/cache/CacheSingleton.java...
parsing /Users/liujingwen/Desktop/consistency/consistency-detect/mediastore/Implementation/mediastore.ejb.cache/ejbModule/edu/kit/ipd/sdq/mediastore/ejb/cache/IdAndBitrate.java...
parsing /Users/liujingwen/Desktop/consistency/consistency-detect/mediastore/Implementation/mediastore.ejb.cache/ejbModule/edu/kit/ipd/sdq/mediastore/ejb/cache/CacheImpl.java...
parsing /Users/liujingwen/Desktop/consistency/consistency-detect/mediastore/Implementation/mediastore.ejb.usermanagement/ejbModule/edu/kit/ipd/sdq/mediastore/ejb/usermanagement/SecurityUtil.java...
parsing /Users/liujingwen/Desktop/consistency/consistency-detect/mediastore/Implementation/mediastore.ejb.usermanagement/ejbModule/edu/kit/ipd/sdq/mediastore/ejb/usermanagement/UserManagementImpl.java...
parsing /Users/liujingwen/Desktop/consistency/consistency-detect/mediastore/Implementation/mediastore.ejb.facade/src/edu/kit/ipd/sdq/mediastore/ejb/facade/FacadeImpl.java...
all files procceed successfully...
Resolve types and bindings of variables, methods and expressions....
Resolve type bindings....
Dependency analaysing....
types and bindings resolved successfully...
Dependency done....
dependencie data generating...
Start create dependencies matrix....
Finish create dependencies matrix....
reorder dependency matrix...
Dependencies data generating done successfully...
Consumed time: 2.282 s,  or 0.038033333 min.
